<?xml version="1.0" encoding="UTF-8"?>
<!-- Generated by org.testng.reporters.JUnitReportReporter -->
<testsuite hostname="YanJuns-MacBook-Pro.local" failures="0" tests="1" name="QAMavenProject.E2EProject.Home" time="0.000" errors="0" timestamp="2022-04-19T23:11:32 MYT" skipped="1">
  <testcase classname="QAMavenProject.E2EProject.Home" name="basePageNavigation" time="0.000">
    <skipped/>
  </testcase> <!-- basePageNavigation -->
  <system-out/>
</testsuite> <!-- QAMavenProject.E2EProject.Home -->
