<?xml version="1.0" encoding="UTF-8"?>
<!-- Generated by org.testng.reporters.JUnitReportReporter -->
<testsuite hostname="YanJuns-MacBook-Pro.local" failures="0" tests="1" name="QAMavenProject.AppTest" time="0.001" errors="0" timestamp="2022-04-19T23:58:35 MYT" skipped="0">
  <testcase classname="QAMavenProject.AppTest" name="shouldAnswerWithTrue" time="0.001"/>
  <system-out/>
</testsuite> <!-- QAMavenProject.AppTest -->
